[debug] [2023-12-23T05:49:58.443Z] ----------------------------------------------------------------------
[debug] [2023-12-23T05:49:58.449Z] Command:       C:\Program Files\nodejs\node.exe C:\Users\Administrator\AppData\Roaming\npm\node_modules\firebase-tools\lib\bin\firebase.js init
[debug] [2023-12-23T05:49:58.450Z] CLI Version:   13.0.2
[debug] [2023-12-23T05:49:58.451Z] Platform:      win32
[debug] [2023-12-23T05:49:58.451Z] Node Version:  v20.3.1
[debug] [2023-12-23T05:49:58.451Z] Time:          Sat Dec 23 2023 11:19:58 GMT+0530 (India Standard Time)
[debug] [2023-12-23T05:49:58.452Z] ----------------------------------------------------------------------
[debug] 
[debug] [2023-12-23T05:49:58.466Z] > command requires scopes: ["email","openid","https://www.googleapis.com/auth/cloudplatformprojects.readonly","https://www.googleapis.com/auth/firebase","https://www.googleapis.com/auth/cloud-platform"]
[debug] [2023-12-23T05:49:58.467Z] > authorizing via signed-in user (aryankadam071@gmail.com)
[info] 
     ######## #### ########  ######## ########     ###     ######  ########
     ##        ##  ##     ## ##       ##     ##  ##   ##  ##       ##
     ######    ##  ########  ######   ########  #########  ######  ######
     ##        ##  ##    ##  ##       ##     ## ##     ##       ## ##
     ##       #### ##     ## ######## ########  ##     ##  ######  ########

You're about to initialize a Firebase project in this directory:

  D:\React js\demo_netflix

[info] 
=== Project Setup
[info] 
[info] First, let's associate this project directory with a Firebase project.
[info] You can create multiple project aliases by running firebase use --add, 
[info] but for now we'll just set up a default project.
[info] 
[debug] [2023-12-23T05:50:26.635Z] >>> [apiv2][query] GET https://firebase.googleapis.com/v1beta1/projects pageSize=100
[debug] [2023-12-23T05:50:28.180Z] <<< [apiv2][status] GET https://firebase.googleapis.com/v1beta1/projects 200
[debug] [2023-12-23T05:50:28.181Z] <<< [apiv2][body] GET https://firebase.googleapis.com/v1beta1/projects [omitted]
[info] i  Using project netflix-react-clone-5b606 (Netflix-React-Clone) 
[info] 
=== Hosting Setup
[debug] [2023-12-23T05:50:44.729Z] >>> [apiv2][query] GET https://firebase.googleapis.com/v1beta1/projects/netflix-react-clone-5b606 [none]
[debug] [2023-12-23T05:50:45.406Z] <<< [apiv2][status] GET https://firebase.googleapis.com/v1beta1/projects/netflix-react-clone-5b606 200
[debug] [2023-12-23T05:50:45.406Z] <<< [apiv2][body] GET https://firebase.googleapis.com/v1beta1/projects/netflix-react-clone-5b606 {"projectId":"netflix-react-clone-5b606","projectNumber":"481689746889","displayName":"Netflix-React-Clone","name":"projects/netflix-react-clone-5b606","resources":{"hostingSite":"netflix-react-clone-5b606"},"state":"ACTIVE","etag":"1_bd3fc466-912b-4fc5-b323-8d21dec0f092"}
[info] 
[info] Your public directory is the folder (relative to your project directory) that
[info] will contain Hosting assets to be uploaded with firebase deploy. If you
[info] have a build process for your assets, use your build's output directory.
[info] 
[debug] [2023-12-23T05:51:20.133Z] >>> [apiv2][query] GET https://www.gstatic.com/firebasejs/releases.json [none]
[debug] [2023-12-23T05:51:20.641Z] <<< [apiv2][status] GET https://www.gstatic.com/firebasejs/releases.json 200
[debug] [2023-12-23T05:51:20.642Z] <<< [apiv2][body] GET https://www.gstatic.com/firebasejs/releases.json {"current":{"version":"10.7.1","browserURL":"https://www.gstatic.com/firebasejs/10.7.1/firebase.js","packageURL":"https://www.gstatic.com/firebasejs/10.7.1/firebase.tgz"},"live":{"version":"10.7","browserURL":"https://www.gstatic.com/firebasejs/live/10.7/firebase.js","packageURL":"https://www.gstatic.com/firebasejs/live/10.7/firebase.tgz"},"components":{"analytics":"https://www.gstatic.com/firebasejs/10.7.1/firebase-analytics.js","app":"https://www.gstatic.com/firebasejs/10.7.1/firebase-app.js","app-check":"https://www.gstatic.com/firebasejs/10.7.1/firebase-app-check.js","auth":"https://www.gstatic.com/firebasejs/10.7.1/firebase-auth.js","auth/cordova":"https://www.gstatic.com/firebasejs/10.7.1/firebase-auth/cordova.js","functions":"https://www.gstatic.com/firebasejs/10.7.1/firebase-functions.js","firestore":"https://www.gstatic.com/firebasejs/10.7.1/firebase-firestore.js","firestore/lite":"https://www.gstatic.com/firebasejs/10.7.1/firebase-firestore/lite.js","installations":"https://www.gstatic.com/firebasejs/10.7.1/firebase-installations.js","storage":"https://www.gstatic.com/firebasejs/10.7.1/firebase-storage.js","performance":"https://www.gstatic.com/firebasejs/10.7.1/firebase-performance.js","remote-config":"https://www.gstatic.com/firebasejs/10.7.1/firebase-remote-config.js","messaging":"https://www.gstatic.com/firebasejs/10.7.1/firebase-messaging.js","messaging/sw":"https://www.gstatic.com/firebasejs/10.7.1/firebase-messaging/sw.js","database":"https://www.gstatic.com/firebasejs/10.7.1/firebase-database.js","firestore.memory":"https://www.gstatic.com/firebasejs/10.7.1/firebase-firestore.memory.js"}}
[info] +  Wrote build/index.html 
[info] 
[info] i  Detected a .git folder at D:\React js\demo_netflix 
[info] i  Authorizing with GitHub to upload your service account to a GitHub repository's secrets store. 
[info] 
[info] Visit this URL on this device to log in:
[info] https://github.com/login/oauth/authorize?client_id=89cf50f02ac6aaed3484&state=604208955&redirect_uri=http%3A%2F%2Flocalhost%3A9005&scope=read%3Auser%20repo%20public_repo
[info] 
[info] Waiting for authentication...
[debug] [2023-12-23T05:52:39.612Z] >>> [apiv2][query] POST https://github.com/login/oauth/access_token [none]
[debug] [2023-12-23T05:52:39.612Z] >>> [apiv2][body] POST https://github.com/login/oauth/access_token [stream]
[debug] [2023-12-23T05:52:41.270Z] <<< [apiv2][status] POST https://github.com/login/oauth/access_token 200
[debug] [2023-12-23T05:52:41.270Z] <<< [apiv2][body] POST https://github.com/login/oauth/access_token {"access_token":"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","token_type":"bearer","scope":"read:user,repo"}
[debug] [2023-12-23T05:52:41.405Z] >>> [apiv2][query] GET https://api.github.com/user [none]
[debug] [2023-12-23T05:52:41.894Z] <<< [apiv2][status] GET https://api.github.com/user 200
[debug] [2023-12-23T05:52:41.895Z] <<< [apiv2][body] GET https://api.github.com/user {"login":"aryyan0701","id":113440600,"node_id":"U_kgDOBsL3WA","avatar_url":"https://avatars.githubusercontent.com/u/113440600?v=4","gravatar_id":"","url":"https://api.github.com/users/aryyan0701","html_url":"https://github.com/aryyan0701","followers_url":"https://api.github.com/users/aryyan0701/followers","following_url":"https://api.github.com/users/aryyan0701/following{/other_user}","gists_url":"https://api.github.com/users/aryyan0701/gists{/gist_id}","starred_url":"https://api.github.com/users/aryyan0701/starred{/owner}{/repo}","subscriptions_url":"https://api.github.com/users/aryyan0701/subscriptions","organizations_url":"https://api.github.com/users/aryyan0701/orgs","repos_url":"https://api.github.com/users/aryyan0701/repos","events_url":"https://api.github.com/users/aryyan0701/events{/privacy}","received_events_url":"https://api.github.com/users/aryyan0701/received_events","type":"User","site_admin":false,"name":"Aryan kadam","company":null,"blog":"","location":"surat, gujarat","email":null,"hireable":null,"bio":"I am a student and the passionate coder that you are looking for.","twitter_username":"aaryyan_","public_repos":11,"public_gists":0,"followers":3,"following":12,"created_at":"2022-09-13T12:10:58Z","updated_at":"2023-12-18T17:57:08Z","private_gists":0,"total_private_repos":0,"owned_private_repos":0,"disk_usage":1139,"collaborators":0,"two_factor_authentication":true,"plan":{"name":"free","space":976562499,"collaborators":0,"private_repos":10000}}
[info] 
[info] +  Success! Logged into GitHub as aryyan0701 
[info] 
